<?xml version="1.0" encoding="UTF-8"?>
<!-- Generated by org.testng.reporters.JUnitReportReporter -->
<testsuite hostname="DESKTOP-HM1GAMN" name="runningScipts.ClearTripDemo" tests="1" failures="0" timestamp="3 Nov 2017 17:41:56 GMT" time="10.070" errors="0">
  <testcase name="ClearTrip_ScenarioOne" time="10.070" classname="runningScipts.ClearTripDemo"/>
</testsuite> <!-- runningScipts.ClearTripDemo -->
